<?xml version="1.0" encoding="UTF-8"?>
<testsuite xmlns:xsi="http://www.w3.org/2001/XMLSchema-instance" xsi:noNamespaceSchemaLocation="https://maven.apache.org/surefire/maven-surefire-plugin/xsd/surefire-test-report.xsd" name="demo.celsius.convertor.celsiusconvertorprocessor.CelsiusConvertorProcessorApplicationTests" time="4.685" tests="1" errors="0" skipped="0" failures="0">
  <properties>
    <property name="gopherProxySet" value="false"/>
    <property name="awt.toolkit" value="sun.lwawt.macosx.LWCToolkit"/>
    <property name="java.specification.version" value="11"/>
    <property name="sun.cpu.isalist" value=""/>
    <property name="sun.jnu.encoding" value="UTF-8"/>
    <property name="java.class.path" value="/Users/arulv/Downloads/celsius-convertor-processor/target/test-classes:/Users/arulv/Downloads/celsius-convertor-processor/target/classes:/Users/arulv/.m2/repository/com/wavefront/wavefront-spring-boot-starter/2.0.0-RC1/wavefront-spring-boot-starter-2.0.0-RC1.jar:/Users/arulv/.m2/repository/org/springframework/boot/spring-boot-starter-actuator/2.3.0.RELEASE/spring-boot-starter-actuator-2.3.0.RELEASE.jar:/Users/arulv/.m2/repository/org/springframework/boot/spring-boot-actuator-autoconfigure/2.3.0.RELEASE/spring-boot-actuator-autoconfigure-2.3.0.RELEASE.jar:/Users/arulv/.m2/repository/org/springframework/boot/spring-boot-actuator/2.3.0.RELEASE/spring-boot-actuator-2.3.0.RELEASE.jar:/Users/arulv/.m2/repository/com/fasterxml/jackson/datatype/jackson-datatype-jsr310/2.11.0/jackson-datatype-jsr310-2.11.0.jar:/Users/arulv/.m2/repository/io/micrometer/micrometer-core/1.5.1/micrometer-core-1.5.1.jar:/Users/arulv/.m2/repository/org/hdrhistogram/HdrHistogram/2.1.12/HdrHistogram-2.1.12.jar:/Users/arulv/.m2/repository/org/latencyutils/LatencyUtils/2.0.3/LatencyUtils-2.0.3.jar:/Users/arulv/.m2/repository/com/wavefront/wavefront-spring-boot/2.0.0-RC1/wavefront-spring-boot-2.0.0-RC1.jar:/Users/arulv/.m2/repository/com/wavefront/wavefront-sdk-java/2.3/wavefront-sdk-java-2.3.jar:/Users/arulv/.m2/repository/org/springframework/spring-web/5.2.6.RELEASE/spring-web-5.2.6.RELEASE.jar:/Users/arulv/.m2/repository/com/wavefront/wavefront-opentracing-sdk-java/1.16/wavefront-opentracing-sdk-java-1.16.jar:/Users/arulv/.m2/repository/io/opentracing/opentracing-api/0.33.0/opentracing-api-0.33.0.jar:/Users/arulv/.m2/repository/io/opentracing/opentracing-util/0.33.0/opentracing-util-0.33.0.jar:/Users/arulv/.m2/repository/io/opentracing/opentracing-noop/0.33.0/opentracing-noop-0.33.0.jar:/Users/arulv/.m2/repository/com/google/code/findbugs/jsr305/3.0.0/jsr305-3.0.0.jar:/Users/arulv/.m2/repository/org/slf4j/slf4j-api/1.7.30/slf4j-api-1.7.30.jar:/Users/arulv/.m2/repository/com/wavefront/wavefront-runtime-sdk-jvm/0.9.10/wavefront-runtime-sdk-jvm-0.9.10.jar:/Users/arulv/.m2/repository/com/wavefront/wavefront-internal-reporter-java/1.3/wavefront-internal-reporter-java-1.3.jar:/Users/arulv/.m2/repository/com/fasterxml/jackson/dataformat/jackson-dataformat-yaml/2.11.0/jackson-dataformat-yaml-2.11.0.jar:/Users/arulv/.m2/repository/io/micrometer/micrometer-registry-wavefront/1.5.1/micrometer-registry-wavefront-1.5.1.jar:/Users/arulv/.m2/repository/org/springframework/cloud/spring-cloud-starter-sleuth/2.2.2.RELEASE/spring-cloud-starter-sleuth-2.2.2.RELEASE.jar:/Users/arulv/.m2/repository/org/springframework/cloud/spring-cloud-starter/2.2.2.RELEASE/spring-cloud-starter-2.2.2.RELEASE.jar:/Users/arulv/.m2/repository/org/springframework/cloud/spring-cloud-context/2.2.2.RELEASE/spring-cloud-context-2.2.2.RELEASE.jar:/Users/arulv/.m2/repository/org/springframework/security/spring-security-crypto/5.3.2.RELEASE/spring-security-crypto-5.3.2.RELEASE.jar:/Users/arulv/.m2/repository/org/springframework/cloud/spring-cloud-commons/2.2.2.RELEASE/spring-cloud-commons-2.2.2.RELEASE.jar:/Users/arulv/.m2/repository/org/springframework/security/spring-security-rsa/1.0.9.RELEASE/spring-security-rsa-1.0.9.RELEASE.jar:/Users/arulv/.m2/repository/org/bouncycastle/bcpkix-jdk15on/1.64/bcpkix-jdk15on-1.64.jar:/Users/arulv/.m2/repository/org/bouncycastle/bcprov-jdk15on/1.64/bcprov-jdk15on-1.64.jar:/Users/arulv/.m2/repository/org/springframework/boot/spring-boot-starter-aop/2.3.0.RELEASE/spring-boot-starter-aop-2.3.0.RELEASE.jar:/Users/arulv/.m2/repository/org/springframework/spring-aop/5.2.6.RELEASE/spring-aop-5.2.6.RELEASE.jar:/Users/arulv/.m2/repository/org/aspectj/aspectjweaver/1.9.5/aspectjweaver-1.9.5.jar:/Users/arulv/.m2/repository/org/springframework/cloud/spring-cloud-sleuth-core/2.2.2.RELEASE/spring-cloud-sleuth-core-2.2.2.RELEASE.jar:/Users/arulv/.m2/repository/org/springframework/spring-context/5.2.6.RELEASE/spring-context-5.2.6.RELEASE.jar:/Users/arulv/.m2/repository/org/springframework/spring-expression/5.2.6.RELEASE/spring-expression-5.2.6.RELEASE.jar:/Users/arulv/.m2/repository/org/aspectj/aspectjrt/1.9.5/aspectjrt-1.9.5.jar:/Users/arulv/.m2/repository/io/zipkin/brave/brave/5.10.1/brave-5.10.1.jar:/Users/arulv/.m2/repository/io/zipkin/zipkin2/zipkin/2.19.3/zipkin-2.19.3.jar:/Users/arulv/.m2/repository/io/zipkin/reporter2/zipkin-reporter/2.12.1/zipkin-reporter-2.12.1.jar:/Users/arulv/.m2/repository/io/zipkin/brave/brave-context-log4j2/5.10.1/brave-context-log4j2-5.10.1.jar:/Users/arulv/.m2/repository/io/zipkin/brave/brave-instrumentation-messaging/5.10.1/brave-instrumentation-messaging-5.10.1.jar:/Users/arulv/.m2/repository/io/zipkin/brave/brave-instrumentation-rpc/5.10.1/brave-instrumentation-rpc-5.10.1.jar:/Users/arulv/.m2/repository/io/zipkin/brave/brave-instrumentation-spring-web/5.10.1/brave-instrumentation-spring-web-5.10.1.jar:/Users/arulv/.m2/repository/io/zipkin/brave/brave-instrumentation-http/5.10.1/brave-instrumentation-http-5.10.1.jar:/Users/arulv/.m2/repository/io/zipkin/brave/brave-instrumentation-spring-rabbit/5.10.1/brave-instrumentation-spring-rabbit-5.10.1.jar:/Users/arulv/.m2/repository/io/zipkin/brave/brave-instrumentation-kafka-clients/5.10.1/brave-instrumentation-kafka-clients-5.10.1.jar:/Users/arulv/.m2/repository/io/zipkin/brave/brave-instrumentation-kafka-streams/5.10.1/brave-instrumentation-kafka-streams-5.10.1.jar:/Users/arulv/.m2/repository/io/zipkin/brave/brave-instrumentation-httpclient/5.10.1/brave-instrumentation-httpclient-5.10.1.jar:/Users/arulv/.m2/repository/io/zipkin/brave/brave-instrumentation-httpasyncclient/5.10.1/brave-instrumentation-httpasyncclient-5.10.1.jar:/Users/arulv/.m2/repository/io/zipkin/brave/brave-instrumentation-spring-webmvc/5.10.1/brave-instrumentation-spring-webmvc-5.10.1.jar:/Users/arulv/.m2/repository/io/zipkin/brave/brave-instrumentation-servlet/5.10.1/brave-instrumentation-servlet-5.10.1.jar:/Users/arulv/.m2/repository/io/zipkin/brave/brave-instrumentation-jms/5.10.1/brave-instrumentation-jms-5.10.1.jar:/Users/arulv/.m2/repository/io/zipkin/reporter2/zipkin-reporter-metrics-micrometer/2.12.1/zipkin-reporter-metrics-micrometer-2.12.1.jar:/Users/arulv/.m2/repository/org/springframework/cloud/spring-cloud-stream/3.0.4.RELEASE/spring-cloud-stream-3.0.4.RELEASE.jar:/Users/arulv/.m2/repository/org/springframework/boot/spring-boot-starter-validation/2.3.0.RELEASE/spring-boot-starter-validation-2.3.0.RELEASE.jar:/Users/arulv/.m2/repository/org/glassfish/jakarta.el/3.0.3/jakarta.el-3.0.3.jar:/Users/arulv/.m2/repository/org/hibernate/validator/hibernate-validator/6.1.5.Final/hibernate-validator-6.1.5.Final.jar:/Users/arulv/.m2/repository/jakarta/validation/jakarta.validation-api/2.0.2/jakarta.validation-api-2.0.2.jar:/Users/arulv/.m2/repository/org/jboss/logging/jboss-logging/3.4.1.Final/jboss-logging-3.4.1.Final.jar:/Users/arulv/.m2/repository/com/fasterxml/classmate/1.5.1/classmate-1.5.1.jar:/Users/arulv/.m2/repository/org/springframework/spring-messaging/5.2.6.RELEASE/spring-messaging-5.2.6.RELEASE.jar:/Users/arulv/.m2/repository/org/springframework/spring-beans/5.2.6.RELEASE/spring-beans-5.2.6.RELEASE.jar:/Users/arulv/.m2/repository/org/springframework/integration/spring-integration-core/5.3.0.RELEASE/spring-integration-core-5.3.0.RELEASE.jar:/Users/arulv/.m2/repository/org/springframework/spring-tx/5.2.6.RELEASE/spring-tx-5.2.6.RELEASE.jar:/Users/arulv/.m2/repository/io/projectreactor/reactor-core/3.3.5.RELEASE/reactor-core-3.3.5.RELEASE.jar:/Users/arulv/.m2/repository/org/reactivestreams/reactive-streams/1.0.3/reactive-streams-1.0.3.jar:/Users/arulv/.m2/repository/org/springframework/integration/spring-integration-jmx/5.3.0.RELEASE/spring-integration-jmx-5.3.0.RELEASE.jar:/Users/arulv/.m2/repository/org/springframework/retry/spring-retry/1.2.5.RELEASE/spring-retry-1.2.5.RELEASE.jar:/Users/arulv/.m2/repository/org/springframework/cloud/spring-cloud-function-context/3.0.6.RELEASE/spring-cloud-function-context-3.0.6.RELEASE.jar:/Users/arulv/.m2/repository/net/jodah/typetools/0.6.2/typetools-0.6.2.jar:/Users/arulv/.m2/repository/org/springframework/cloud/spring-cloud-function-core/3.0.6.RELEASE/spring-cloud-function-core-3.0.6.RELEASE.jar:/Users/arulv/.m2/repository/javax/annotation/javax.annotation-api/1.3.2/javax.annotation-api-1.3.2.jar:/Users/arulv/.m2/repository/org/springframework/boot/spring-boot-starter-test/2.3.0.RELEASE/spring-boot-starter-test-2.3.0.RELEASE.jar:/Users/arulv/.m2/repository/org/springframework/boot/spring-boot-starter/2.3.0.RELEASE/spring-boot-starter-2.3.0.RELEASE.jar:/Users/arulv/.m2/repository/org/springframework/boot/spring-boot/2.3.0.RELEASE/spring-boot-2.3.0.RELEASE.jar:/Users/arulv/.m2/repository/org/springframework/boot/spring-boot-starter-logging/2.3.0.RELEASE/spring-boot-starter-logging-2.3.0.RELEASE.jar:/Users/arulv/.m2/repository/ch/qos/logback/logback-classic/1.2.3/logback-classic-1.2.3.jar:/Users/arulv/.m2/repository/ch/qos/logback/logback-core/1.2.3/logback-core-1.2.3.jar:/Users/arulv/.m2/repository/org/apache/logging/log4j/log4j-to-slf4j/2.13.2/log4j-to-slf4j-2.13.2.jar:/Users/arulv/.m2/repository/org/apache/logging/log4j/log4j-api/2.13.2/log4j-api-2.13.2.jar:/Users/arulv/.m2/repository/org/slf4j/jul-to-slf4j/1.7.30/jul-to-slf4j-1.7.30.jar:/Users/arulv/.m2/repository/jakarta/annotation/jakarta.annotation-api/1.3.5/jakarta.annotation-api-1.3.5.jar:/Users/arulv/.m2/repository/org/yaml/snakeyaml/1.26/snakeyaml-1.26.jar:/Users/arulv/.m2/repository/org/springframework/boot/spring-boot-test/2.3.0.RELEASE/spring-boot-test-2.3.0.RELEASE.jar:/Users/arulv/.m2/repository/org/springframework/boot/spring-boot-test-autoconfigure/2.3.0.RELEASE/spring-boot-test-autoconfigure-2.3.0.RELEASE.jar:/Users/arulv/.m2/repository/com/jayway/jsonpath/json-path/2.4.0/json-path-2.4.0.jar:/Users/arulv/.m2/repository/net/minidev/json-smart/2.3/json-smart-2.3.jar:/Users/arulv/.m2/repository/net/minidev/accessors-smart/1.2/accessors-smart-1.2.jar:/Users/arulv/.m2/repository/org/ow2/asm/asm/5.0.4/asm-5.0.4.jar:/Users/arulv/.m2/repository/jakarta/xml/bind/jakarta.xml.bind-api/2.3.3/jakarta.xml.bind-api-2.3.3.jar:/Users/arulv/.m2/repository/jakarta/activation/jakarta.activation-api/1.2.2/jakarta.activation-api-1.2.2.jar:/Users/arulv/.m2/repository/org/assertj/assertj-core/3.16.1/assertj-core-3.16.1.jar:/Users/arulv/.m2/repository/org/hamcrest/hamcrest/2.2/hamcrest-2.2.jar:/Users/arulv/.m2/repository/org/junit/jupiter/junit-jupiter/5.6.2/junit-jupiter-5.6.2.jar:/Users/arulv/.m2/repository/org/junit/jupiter/junit-jupiter-api/5.6.2/junit-jupiter-api-5.6.2.jar:/Users/arulv/.m2/repository/org/apiguardian/apiguardian-api/1.1.0/apiguardian-api-1.1.0.jar:/Users/arulv/.m2/repository/org/opentest4j/opentest4j/1.2.0/opentest4j-1.2.0.jar:/Users/arulv/.m2/repository/org/junit/platform/junit-platform-commons/1.6.2/junit-platform-commons-1.6.2.jar:/Users/arulv/.m2/repository/org/junit/jupiter/junit-jupiter-params/5.6.2/junit-jupiter-params-5.6.2.jar:/Users/arulv/.m2/repository/org/junit/jupiter/junit-jupiter-engine/5.6.2/junit-jupiter-engine-5.6.2.jar:/Users/arulv/.m2/repository/org/junit/platform/junit-platform-engine/1.6.2/junit-platform-engine-1.6.2.jar:/Users/arulv/.m2/repository/org/mockito/mockito-core/3.3.3/mockito-core-3.3.3.jar:/Users/arulv/.m2/repository/net/bytebuddy/byte-buddy/1.10.10/byte-buddy-1.10.10.jar:/Users/arulv/.m2/repository/net/bytebuddy/byte-buddy-agent/1.10.10/byte-buddy-agent-1.10.10.jar:/Users/arulv/.m2/repository/org/objenesis/objenesis/2.6/objenesis-2.6.jar:/Users/arulv/.m2/repository/org/mockito/mockito-junit-jupiter/3.3.3/mockito-junit-jupiter-3.3.3.jar:/Users/arulv/.m2/repository/org/skyscreamer/jsonassert/1.5.0/jsonassert-1.5.0.jar:/Users/arulv/.m2/repository/com/vaadin/external/google/android-json/0.0.20131108.vaadin1/android-json-0.0.20131108.vaadin1.jar:/Users/arulv/.m2/repository/org/springframework/spring-core/5.2.6.RELEASE/spring-core-5.2.6.RELEASE.jar:/Users/arulv/.m2/repository/org/springframework/spring-jcl/5.2.6.RELEASE/spring-jcl-5.2.6.RELEASE.jar:/Users/arulv/.m2/repository/org/springframework/spring-test/5.2.6.RELEASE/spring-test-5.2.6.RELEASE.jar:/Users/arulv/.m2/repository/org/xmlunit/xmlunit-core/2.7.0/xmlunit-core-2.7.0.jar:/Users/arulv/.m2/repository/org/springframework/cloud/spring-cloud-stream-test-support/3.0.4.RELEASE/spring-cloud-stream-test-support-3.0.4.RELEASE.jar:/Users/arulv/.m2/repository/org/springframework/boot/spring-boot-autoconfigure/2.3.0.RELEASE/spring-boot-autoconfigure-2.3.0.RELEASE.jar:/Users/arulv/.m2/repository/com/fasterxml/jackson/core/jackson-databind/2.11.0/jackson-databind-2.11.0.jar:/Users/arulv/.m2/repository/com/fasterxml/jackson/core/jackson-annotations/2.11.0/jackson-annotations-2.11.0.jar:/Users/arulv/.m2/repository/com/fasterxml/jackson/core/jackson-core/2.11.0/jackson-core-2.11.0.jar:"/>
    <property name="java.vm.vendor" value="Oracle Corporation"/>
    <property name="sun.arch.data.model" value="64"/>
    <property name="java.vendor.url" value="http://java.oracle.com/"/>
    <property name="user.timezone" value=""/>
    <property name="java.vm.specification.version" value="11"/>
    <property name="os.name" value="Mac OS X"/>
    <property name="sun.java.launcher" value="SUN_STANDARD"/>
    <property name="user.country" value="US"/>
    <property name="sun.boot.library.path" value="/Library/Java/JavaVirtualMachines/openjdk-11.0.2.jdk/Contents/Home/lib"/>
    <property name="sun.java.command" value="/Users/arulv/Downloads/celsius-convertor-processor/target/surefire/surefirebooter17020669435691617142.jar /Users/arulv/Downloads/celsius-convertor-processor/target/surefire 2020-05-18T00-23-13_658-jvmRun1 surefire1171063124202417697tmp surefire_01839106622467249883tmp"/>
    <property name="http.nonProxyHosts" value="local|*.local|169.254/16|*.169.254/16"/>
    <property name="jdk.debug" value="release"/>
    <property name="surefire.test.class.path" value="/Users/arulv/Downloads/celsius-convertor-processor/target/test-classes:/Users/arulv/Downloads/celsius-convertor-processor/target/classes:/Users/arulv/.m2/repository/com/wavefront/wavefront-spring-boot-starter/2.0.0-RC1/wavefront-spring-boot-starter-2.0.0-RC1.jar:/Users/arulv/.m2/repository/org/springframework/boot/spring-boot-starter-actuator/2.3.0.RELEASE/spring-boot-starter-actuator-2.3.0.RELEASE.jar:/Users/arulv/.m2/repository/org/springframework/boot/spring-boot-actuator-autoconfigure/2.3.0.RELEASE/spring-boot-actuator-autoconfigure-2.3.0.RELEASE.jar:/Users/arulv/.m2/repository/org/springframework/boot/spring-boot-actuator/2.3.0.RELEASE/spring-boot-actuator-2.3.0.RELEASE.jar:/Users/arulv/.m2/repository/com/fasterxml/jackson/datatype/jackson-datatype-jsr310/2.11.0/jackson-datatype-jsr310-2.11.0.jar:/Users/arulv/.m2/repository/io/micrometer/micrometer-core/1.5.1/micrometer-core-1.5.1.jar:/Users/arulv/.m2/repository/org/hdrhistogram/HdrHistogram/2.1.12/HdrHistogram-2.1.12.jar:/Users/arulv/.m2/repository/org/latencyutils/LatencyUtils/2.0.3/LatencyUtils-2.0.3.jar:/Users/arulv/.m2/repository/com/wavefront/wavefront-spring-boot/2.0.0-RC1/wavefront-spring-boot-2.0.0-RC1.jar:/Users/arulv/.m2/repository/com/wavefront/wavefront-sdk-java/2.3/wavefront-sdk-java-2.3.jar:/Users/arulv/.m2/repository/org/springframework/spring-web/5.2.6.RELEASE/spring-web-5.2.6.RELEASE.jar:/Users/arulv/.m2/repository/com/wavefront/wavefront-opentracing-sdk-java/1.16/wavefront-opentracing-sdk-java-1.16.jar:/Users/arulv/.m2/repository/io/opentracing/opentracing-api/0.33.0/opentracing-api-0.33.0.jar:/Users/arulv/.m2/repository/io/opentracing/opentracing-util/0.33.0/opentracing-util-0.33.0.jar:/Users/arulv/.m2/repository/io/opentracing/opentracing-noop/0.33.0/opentracing-noop-0.33.0.jar:/Users/arulv/.m2/repository/com/google/code/findbugs/jsr305/3.0.0/jsr305-3.0.0.jar:/Users/arulv/.m2/repository/org/slf4j/slf4j-api/1.7.30/slf4j-api-1.7.30.jar:/Users/arulv/.m2/repository/com/wavefront/wavefront-runtime-sdk-jvm/0.9.10/wavefront-runtime-sdk-jvm-0.9.10.jar:/Users/arulv/.m2/repository/com/wavefront/wavefront-internal-reporter-java/1.3/wavefront-internal-reporter-java-1.3.jar:/Users/arulv/.m2/repository/com/fasterxml/jackson/dataformat/jackson-dataformat-yaml/2.11.0/jackson-dataformat-yaml-2.11.0.jar:/Users/arulv/.m2/repository/io/micrometer/micrometer-registry-wavefront/1.5.1/micrometer-registry-wavefront-1.5.1.jar:/Users/arulv/.m2/repository/org/springframework/cloud/spring-cloud-starter-sleuth/2.2.2.RELEASE/spring-cloud-starter-sleuth-2.2.2.RELEASE.jar:/Users/arulv/.m2/repository/org/springframework/cloud/spring-cloud-starter/2.2.2.RELEASE/spring-cloud-starter-2.2.2.RELEASE.jar:/Users/arulv/.m2/repository/org/springframework/cloud/spring-cloud-context/2.2.2.RELEASE/spring-cloud-context-2.2.2.RELEASE.jar:/Users/arulv/.m2/repository/org/springframework/security/spring-security-crypto/5.3.2.RELEASE/spring-security-crypto-5.3.2.RELEASE.jar:/Users/arulv/.m2/repository/org/springframework/cloud/spring-cloud-commons/2.2.2.RELEASE/spring-cloud-commons-2.2.2.RELEASE.jar:/Users/arulv/.m2/repository/org/springframework/security/spring-security-rsa/1.0.9.RELEASE/spring-security-rsa-1.0.9.RELEASE.jar:/Users/arulv/.m2/repository/org/bouncycastle/bcpkix-jdk15on/1.64/bcpkix-jdk15on-1.64.jar:/Users/arulv/.m2/repository/org/bouncycastle/bcprov-jdk15on/1.64/bcprov-jdk15on-1.64.jar:/Users/arulv/.m2/repository/org/springframework/boot/spring-boot-starter-aop/2.3.0.RELEASE/spring-boot-starter-aop-2.3.0.RELEASE.jar:/Users/arulv/.m2/repository/org/springframework/spring-aop/5.2.6.RELEASE/spring-aop-5.2.6.RELEASE.jar:/Users/arulv/.m2/repository/org/aspectj/aspectjweaver/1.9.5/aspectjweaver-1.9.5.jar:/Users/arulv/.m2/repository/org/springframework/cloud/spring-cloud-sleuth-core/2.2.2.RELEASE/spring-cloud-sleuth-core-2.2.2.RELEASE.jar:/Users/arulv/.m2/repository/org/springframework/spring-context/5.2.6.RELEASE/spring-context-5.2.6.RELEASE.jar:/Users/arulv/.m2/repository/org/springframework/spring-expression/5.2.6.RELEASE/spring-expression-5.2.6.RELEASE.jar:/Users/arulv/.m2/repository/org/aspectj/aspectjrt/1.9.5/aspectjrt-1.9.5.jar:/Users/arulv/.m2/repository/io/zipkin/brave/brave/5.10.1/brave-5.10.1.jar:/Users/arulv/.m2/repository/io/zipkin/zipkin2/zipkin/2.19.3/zipkin-2.19.3.jar:/Users/arulv/.m2/repository/io/zipkin/reporter2/zipkin-reporter/2.12.1/zipkin-reporter-2.12.1.jar:/Users/arulv/.m2/repository/io/zipkin/brave/brave-context-log4j2/5.10.1/brave-context-log4j2-5.10.1.jar:/Users/arulv/.m2/repository/io/zipkin/brave/brave-instrumentation-messaging/5.10.1/brave-instrumentation-messaging-5.10.1.jar:/Users/arulv/.m2/repository/io/zipkin/brave/brave-instrumentation-rpc/5.10.1/brave-instrumentation-rpc-5.10.1.jar:/Users/arulv/.m2/repository/io/zipkin/brave/brave-instrumentation-spring-web/5.10.1/brave-instrumentation-spring-web-5.10.1.jar:/Users/arulv/.m2/repository/io/zipkin/brave/brave-instrumentation-http/5.10.1/brave-instrumentation-http-5.10.1.jar:/Users/arulv/.m2/repository/io/zipkin/brave/brave-instrumentation-spring-rabbit/5.10.1/brave-instrumentation-spring-rabbit-5.10.1.jar:/Users/arulv/.m2/repository/io/zipkin/brave/brave-instrumentation-kafka-clients/5.10.1/brave-instrumentation-kafka-clients-5.10.1.jar:/Users/arulv/.m2/repository/io/zipkin/brave/brave-instrumentation-kafka-streams/5.10.1/brave-instrumentation-kafka-streams-5.10.1.jar:/Users/arulv/.m2/repository/io/zipkin/brave/brave-instrumentation-httpclient/5.10.1/brave-instrumentation-httpclient-5.10.1.jar:/Users/arulv/.m2/repository/io/zipkin/brave/brave-instrumentation-httpasyncclient/5.10.1/brave-instrumentation-httpasyncclient-5.10.1.jar:/Users/arulv/.m2/repository/io/zipkin/brave/brave-instrumentation-spring-webmvc/5.10.1/brave-instrumentation-spring-webmvc-5.10.1.jar:/Users/arulv/.m2/repository/io/zipkin/brave/brave-instrumentation-servlet/5.10.1/brave-instrumentation-servlet-5.10.1.jar:/Users/arulv/.m2/repository/io/zipkin/brave/brave-instrumentation-jms/5.10.1/brave-instrumentation-jms-5.10.1.jar:/Users/arulv/.m2/repository/io/zipkin/reporter2/zipkin-reporter-metrics-micrometer/2.12.1/zipkin-reporter-metrics-micrometer-2.12.1.jar:/Users/arulv/.m2/repository/org/springframework/cloud/spring-cloud-stream/3.0.4.RELEASE/spring-cloud-stream-3.0.4.RELEASE.jar:/Users/arulv/.m2/repository/org/springframework/boot/spring-boot-starter-validation/2.3.0.RELEASE/spring-boot-starter-validation-2.3.0.RELEASE.jar:/Users/arulv/.m2/repository/org/glassfish/jakarta.el/3.0.3/jakarta.el-3.0.3.jar:/Users/arulv/.m2/repository/org/hibernate/validator/hibernate-validator/6.1.5.Final/hibernate-validator-6.1.5.Final.jar:/Users/arulv/.m2/repository/jakarta/validation/jakarta.validation-api/2.0.2/jakarta.validation-api-2.0.2.jar:/Users/arulv/.m2/repository/org/jboss/logging/jboss-logging/3.4.1.Final/jboss-logging-3.4.1.Final.jar:/Users/arulv/.m2/repository/com/fasterxml/classmate/1.5.1/classmate-1.5.1.jar:/Users/arulv/.m2/repository/org/springframework/spring-messaging/5.2.6.RELEASE/spring-messaging-5.2.6.RELEASE.jar:/Users/arulv/.m2/repository/org/springframework/spring-beans/5.2.6.RELEASE/spring-beans-5.2.6.RELEASE.jar:/Users/arulv/.m2/repository/org/springframework/integration/spring-integration-core/5.3.0.RELEASE/spring-integration-core-5.3.0.RELEASE.jar:/Users/arulv/.m2/repository/org/springframework/spring-tx/5.2.6.RELEASE/spring-tx-5.2.6.RELEASE.jar:/Users/arulv/.m2/repository/io/projectreactor/reactor-core/3.3.5.RELEASE/reactor-core-3.3.5.RELEASE.jar:/Users/arulv/.m2/repository/org/reactivestreams/reactive-streams/1.0.3/reactive-streams-1.0.3.jar:/Users/arulv/.m2/repository/org/springframework/integration/spring-integration-jmx/5.3.0.RELEASE/spring-integration-jmx-5.3.0.RELEASE.jar:/Users/arulv/.m2/repository/org/springframework/retry/spring-retry/1.2.5.RELEASE/spring-retry-1.2.5.RELEASE.jar:/Users/arulv/.m2/repository/org/springframework/cloud/spring-cloud-function-context/3.0.6.RELEASE/spring-cloud-function-context-3.0.6.RELEASE.jar:/Users/arulv/.m2/repository/net/jodah/typetools/0.6.2/typetools-0.6.2.jar:/Users/arulv/.m2/repository/org/springframework/cloud/spring-cloud-function-core/3.0.6.RELEASE/spring-cloud-function-core-3.0.6.RELEASE.jar:/Users/arulv/.m2/repository/javax/annotation/javax.annotation-api/1.3.2/javax.annotation-api-1.3.2.jar:/Users/arulv/.m2/repository/org/springframework/boot/spring-boot-starter-test/2.3.0.RELEASE/spring-boot-starter-test-2.3.0.RELEASE.jar:/Users/arulv/.m2/repository/org/springframework/boot/spring-boot-starter/2.3.0.RELEASE/spring-boot-starter-2.3.0.RELEASE.jar:/Users/arulv/.m2/repository/org/springframework/boot/spring-boot/2.3.0.RELEASE/spring-boot-2.3.0.RELEASE.jar:/Users/arulv/.m2/repository/org/springframework/boot/spring-boot-starter-logging/2.3.0.RELEASE/spring-boot-starter-logging-2.3.0.RELEASE.jar:/Users/arulv/.m2/repository/ch/qos/logback/logback-classic/1.2.3/logback-classic-1.2.3.jar:/Users/arulv/.m2/repository/ch/qos/logback/logback-core/1.2.3/logback-core-1.2.3.jar:/Users/arulv/.m2/repository/org/apache/logging/log4j/log4j-to-slf4j/2.13.2/log4j-to-slf4j-2.13.2.jar:/Users/arulv/.m2/repository/org/apache/logging/log4j/log4j-api/2.13.2/log4j-api-2.13.2.jar:/Users/arulv/.m2/repository/org/slf4j/jul-to-slf4j/1.7.30/jul-to-slf4j-1.7.30.jar:/Users/arulv/.m2/repository/jakarta/annotation/jakarta.annotation-api/1.3.5/jakarta.annotation-api-1.3.5.jar:/Users/arulv/.m2/repository/org/yaml/snakeyaml/1.26/snakeyaml-1.26.jar:/Users/arulv/.m2/repository/org/springframework/boot/spring-boot-test/2.3.0.RELEASE/spring-boot-test-2.3.0.RELEASE.jar:/Users/arulv/.m2/repository/org/springframework/boot/spring-boot-test-autoconfigure/2.3.0.RELEASE/spring-boot-test-autoconfigure-2.3.0.RELEASE.jar:/Users/arulv/.m2/repository/com/jayway/jsonpath/json-path/2.4.0/json-path-2.4.0.jar:/Users/arulv/.m2/repository/net/minidev/json-smart/2.3/json-smart-2.3.jar:/Users/arulv/.m2/repository/net/minidev/accessors-smart/1.2/accessors-smart-1.2.jar:/Users/arulv/.m2/repository/org/ow2/asm/asm/5.0.4/asm-5.0.4.jar:/Users/arulv/.m2/repository/jakarta/xml/bind/jakarta.xml.bind-api/2.3.3/jakarta.xml.bind-api-2.3.3.jar:/Users/arulv/.m2/repository/jakarta/activation/jakarta.activation-api/1.2.2/jakarta.activation-api-1.2.2.jar:/Users/arulv/.m2/repository/org/assertj/assertj-core/3.16.1/assertj-core-3.16.1.jar:/Users/arulv/.m2/repository/org/hamcrest/hamcrest/2.2/hamcrest-2.2.jar:/Users/arulv/.m2/repository/org/junit/jupiter/junit-jupiter/5.6.2/junit-jupiter-5.6.2.jar:/Users/arulv/.m2/repository/org/junit/jupiter/junit-jupiter-api/5.6.2/junit-jupiter-api-5.6.2.jar:/Users/arulv/.m2/repository/org/apiguardian/apiguardian-api/1.1.0/apiguardian-api-1.1.0.jar:/Users/arulv/.m2/repository/org/opentest4j/opentest4j/1.2.0/opentest4j-1.2.0.jar:/Users/arulv/.m2/repository/org/junit/platform/junit-platform-commons/1.6.2/junit-platform-commons-1.6.2.jar:/Users/arulv/.m2/repository/org/junit/jupiter/junit-jupiter-params/5.6.2/junit-jupiter-params-5.6.2.jar:/Users/arulv/.m2/repository/org/junit/jupiter/junit-jupiter-engine/5.6.2/junit-jupiter-engine-5.6.2.jar:/Users/arulv/.m2/repository/org/junit/platform/junit-platform-engine/1.6.2/junit-platform-engine-1.6.2.jar:/Users/arulv/.m2/repository/org/mockito/mockito-core/3.3.3/mockito-core-3.3.3.jar:/Users/arulv/.m2/repository/net/bytebuddy/byte-buddy/1.10.10/byte-buddy-1.10.10.jar:/Users/arulv/.m2/repository/net/bytebuddy/byte-buddy-agent/1.10.10/byte-buddy-agent-1.10.10.jar:/Users/arulv/.m2/repository/org/objenesis/objenesis/2.6/objenesis-2.6.jar:/Users/arulv/.m2/repository/org/mockito/mockito-junit-jupiter/3.3.3/mockito-junit-jupiter-3.3.3.jar:/Users/arulv/.m2/repository/org/skyscreamer/jsonassert/1.5.0/jsonassert-1.5.0.jar:/Users/arulv/.m2/repository/com/vaadin/external/google/android-json/0.0.20131108.vaadin1/android-json-0.0.20131108.vaadin1.jar:/Users/arulv/.m2/repository/org/springframework/spring-core/5.2.6.RELEASE/spring-core-5.2.6.RELEASE.jar:/Users/arulv/.m2/repository/org/springframework/spring-jcl/5.2.6.RELEASE/spring-jcl-5.2.6.RELEASE.jar:/Users/arulv/.m2/repository/org/springframework/spring-test/5.2.6.RELEASE/spring-test-5.2.6.RELEASE.jar:/Users/arulv/.m2/repository/org/xmlunit/xmlunit-core/2.7.0/xmlunit-core-2.7.0.jar:/Users/arulv/.m2/repository/org/springframework/cloud/spring-cloud-stream-test-support/3.0.4.RELEASE/spring-cloud-stream-test-support-3.0.4.RELEASE.jar:/Users/arulv/.m2/repository/org/springframework/boot/spring-boot-autoconfigure/2.3.0.RELEASE/spring-boot-autoconfigure-2.3.0.RELEASE.jar:/Users/arulv/.m2/repository/com/fasterxml/jackson/core/jackson-databind/2.11.0/jackson-databind-2.11.0.jar:/Users/arulv/.m2/repository/com/fasterxml/jackson/core/jackson-annotations/2.11.0/jackson-annotations-2.11.0.jar:/Users/arulv/.m2/repository/com/fasterxml/jackson/core/jackson-core/2.11.0/jackson-core-2.11.0.jar:"/>
    <property name="sun.cpu.endian" value="little"/>
    <property name="user.home" value="/Users/arulv"/>
    <property name="user.language" value="en"/>
    <property name="java.specification.vendor" value="Oracle Corporation"/>
    <property name="java.version.date" value="2019-01-15"/>
    <property name="java.home" value="/Library/Java/JavaVirtualMachines/openjdk-11.0.2.jdk/Contents/Home"/>
    <property name="file.separator" value="/"/>
    <property name="basedir" value="/Users/arulv/Downloads/celsius-convertor-processor"/>
    <property name="java.vm.compressedOopsMode" value="Zero based"/>
    <property name="line.separator" value="&#10;"/>
    <property name="java.specification.name" value="Java Platform API Specification"/>
    <property name="java.vm.specification.vendor" value="Oracle Corporation"/>
    <property name="java.awt.graphicsenv" value="sun.awt.CGraphicsEnvironment"/>
    <property name="surefire.real.class.path" value="/Users/arulv/Downloads/celsius-convertor-processor/target/surefire/surefirebooter17020669435691617142.jar"/>
    <property name="sun.management.compiler" value="HotSpot 64-Bit Tiered Compilers"/>
    <property name="ftp.nonProxyHosts" value="local|*.local|169.254/16|*.169.254/16"/>
    <property name="java.runtime.version" value="11.0.2+9"/>
    <property name="user.name" value="arulv"/>
    <property name="path.separator" value=":"/>
    <property name="os.version" value="10.15.4"/>
    <property name="java.runtime.name" value="OpenJDK Runtime Environment"/>
    <property name="file.encoding" value="UTF-8"/>
    <property name="java.vm.name" value="OpenJDK 64-Bit Server VM"/>
    <property name="java.vendor.version" value="18.9"/>
    <property name="localRepository" value="/Users/arulv/.m2/repository"/>
    <property name="java.vendor.url.bug" value="http://bugreport.java.com/bugreport/"/>
    <property name="java.io.tmpdir" value="/var/folders/d4/yv60m77n0512flcc2z1jz4cw0000gp/T/"/>
    <property name="java.version" value="11.0.2"/>
    <property name="user.dir" value="/Users/arulv/Downloads/celsius-convertor-processor"/>
    <property name="os.arch" value="x86_64"/>
    <property name="java.vm.specification.name" value="Java Virtual Machine Specification"/>
    <property name="java.awt.printerjob" value="sun.lwawt.macosx.CPrinterJob"/>
    <property name="sun.os.patch.level" value="unknown"/>
    <property name="java.library.path" value="/Users/arulv/Library/Java/Extensions:/Library/Java/Extensions:/Network/Library/Java/Extensions:/System/Library/Java/Extensions:/usr/lib/java:."/>
    <property name="java.vendor" value="Oracle Corporation"/>
    <property name="java.vm.info" value="mixed mode"/>
    <property name="java.vm.version" value="11.0.2+9"/>
    <property name="sun.io.unicode.encoding" value="UnicodeBig"/>
    <property name="java.class.version" value="55.0"/>
    <property name="socksNonProxyHosts" value="local|*.local|169.254/16|*.169.254/16"/>
  </properties>
  <testcase name="contextLoads" classname="demo.celsius.convertor.celsiusconvertorprocessor.CelsiusConvertorProcessorApplicationTests" time="0.408"/>
</testsuite>